<?xml version="1.0" encoding="UTF-8"?>
<!-- Generated by org.testng.reporters.JUnitXMLReporter -->
<testsuite ignored="0" hostname="DESKTOP-6AQVSRL" failures="0" tests="10" name="Default test" time="19.487" errors="0" timestamp="2024-12-23T22:05:03 IST">
  <testcase classname="com.registerUser.APIScenarios" name="postUsingHashMAP" time="7.407"/>
  <testcase classname="com.registerUser.APIScenarios" name="getUserProfile" time="1.358"/>
  <testcase classname="com.registerUser.APIScenarios" name="patchUpdateProfile" time="1.326"/>
  <testcase classname="com.registerUser.APIScenarios" name="loginUser" time="1.363"/>
  <testcase classname="com.registerUser.APIScenarios" name="addContact" time="1.267"/>
  <testcase classname="com.registerUser.APIScenarios" name="getContactList" time="1.439"/>
  <testcase classname="com.registerUser.APIScenarios" name="getContactById" time="1.231"/>
  <testcase classname="com.registerUser.APIScenarios" name="updateContact" time="1.224"/>
  <testcase classname="com.registerUser.APIScenarios" name="patchContact" time="1.195"/>
  <testcase classname="com.registerUser.APIScenarios" name="logoutUser" time="1.489"/>
</testsuite> <!-- Default test -->
