<?xml version="1.0" encoding="UTF-8"?>
<testng-results ignored="0" total="10" passed="10" failed="0" skipped="0">
  <reporter-output>
  </reporter-output>
  <suite started-at="2024-12-23T22:04:43 IST" name="Default suite" finished-at="2024-12-23T22:05:03 IST" duration-ms="19487">
    <groups>
    </groups>
    <test started-at="2024-12-23T22:04:43 IST" name="Default test" finished-at="2024-12-23T22:05:03 IST" duration-ms="19487">
      <class name="com.registerUser.APIScenarios">
        <test-method signature="postUsingHashMAP()[pri:1, instance:com.registerUser.APIScenarios@2b662a77]" started-at="2024-12-23T22:04:43 IST" name="postUsingHashMAP" finished-at="2024-12-23T22:04:51 IST" duration-ms="7407" status="PASS">
          <reporter-output>
          </reporter-output>
        </test-method> <!-- postUsingHashMAP -->
        <test-method signature="getUserProfile()[pri:2, instance:com.registerUser.APIScenarios@2b662a77]" started-at="2024-12-23T22:04:51 IST" name="getUserProfile" finished-at="2024-12-23T22:04:52 IST" duration-ms="1358" status="PASS">
          <reporter-output>
          </reporter-output>
        </test-method> <!-- getUserProfile -->
        <test-method signature="patchUpdateProfile()[pri:3, instance:com.registerUser.APIScenarios@2b662a77]" started-at="2024-12-23T22:04:52 IST" name="patchUpdateProfile" finished-at="2024-12-23T22:04:53 IST" duration-ms="1326" status="PASS">
          <reporter-output>
          </reporter-output>
        </test-method> <!-- patchUpdateProfile -->
        <test-method signature="loginUser()[pri:4, instance:com.registerUser.APIScenarios@2b662a77]" started-at="2024-12-23T22:04:53 IST" name="loginUser" finished-at="2024-12-23T22:04:55 IST" duration-ms="1363" status="PASS">
          <reporter-output>
          </reporter-output>
        </test-method> <!-- loginUser -->
        <test-method signature="addContact()[pri:5, instance:com.registerUser.APIScenarios@2b662a77]" started-at="2024-12-23T22:04:55 IST" name="addContact" finished-at="2024-12-23T22:04:56 IST" duration-ms="1267" status="PASS">
          <reporter-output>
          </reporter-output>
        </test-method> <!-- addContact -->
        <test-method signature="getContactList()[pri:6, instance:com.registerUser.APIScenarios@2b662a77]" started-at="2024-12-23T22:04:56 IST" name="getContactList" finished-at="2024-12-23T22:04:57 IST" duration-ms="1439" status="PASS">
          <reporter-output>
          </reporter-output>
        </test-method> <!-- getContactList -->
        <test-method signature="getContactById()[pri:7, instance:com.registerUser.APIScenarios@2b662a77]" started-at="2024-12-23T22:04:57 IST" name="getContactById" finished-at="2024-12-23T22:04:59 IST" duration-ms="1231" status="PASS">
          <reporter-output>
          </reporter-output>
        </test-method> <!-- getContactById -->
        <test-method signature="updateContact()[pri:8, instance:com.registerUser.APIScenarios@2b662a77]" started-at="2024-12-23T22:04:59 IST" name="updateContact" finished-at="2024-12-23T22:05:00 IST" duration-ms="1224" status="PASS">
          <reporter-output>
          </reporter-output>
        </test-method> <!-- updateContact -->
        <test-method signature="patchContact()[pri:9, instance:com.registerUser.APIScenarios@2b662a77]" started-at="2024-12-23T22:05:00 IST" name="patchContact" finished-at="2024-12-23T22:05:01 IST" duration-ms="1195" status="PASS">
          <reporter-output>
          </reporter-output>
        </test-method> <!-- patchContact -->
        <test-method signature="logoutUser()[pri:10, instance:com.registerUser.APIScenarios@2b662a77]" started-at="2024-12-23T22:05:01 IST" name="logoutUser" finished-at="2024-12-23T22:05:03 IST" duration-ms="1489" status="PASS">
          <reporter-output>
          </reporter-output>
        </test-method> <!-- logoutUser -->
      </class> <!-- com.registerUser.APIScenarios -->
    </test> <!-- Default test -->
  </suite> <!-- Default suite -->
</testng-results>
